{
  "RSpec": {
    "coverage": {
      "/Users/BrianHayes/1mod/projects/Enigma/lib/enigma.rb": {
        "lines": [
          1,
          1,
          null,
          1,
          4,
          null,
          null,
          1,
          2,
          2,
          2,
          null,
          null,
          null,
          1,
          2,
          2,
          2,
          2,
          null,
          null,
          null,
          1,
          null,
          null,
          null,
          null,
          null,
          null,
          null
        ]
      }
    },
    "timestamp": 1668202247
  }
}
