{
  "RSpec": {
    "coverage": {
      "/Users/BrianHayes/1mod/projects/Enigma/lib/enigma.rb": {
        "lines": [
          1,
          1,
          null,
          1,
          0,
          null,
          null,
          1,
          0,
          0,
          0,
          null,
          null,
          null,
          1,
          0,
          0,
          0,
          0,
          null,
          null,
          1,
          0,
          0,
          0,
          0,
          0,
          null,
          0,
          null,
          null,
          null,
          1,
          null,
          null,
          null,
          null,
          null,
          null,
          null,
          null,
          null,
          null,
          null,
          null,
          null,
          null,
          null,
          null,
          null,
          null
        ]
      },
      "/Users/BrianHayes/1mod/projects/Enigma/lib/number_alphabet.rb": {
        "lines": [
          1,
          null,
          null,
          null
        ]
      }
    },
    "timestamp": 1668297507
  }
}
